<?xml version="1.0" encoding="UTF-8"?>
<!-- Generated by org.testng.reporters.JUnitReportReporter -->
<testsuite hostname="Nonglucks-MBP.fios-router.home" failures="0" tests="1" name="test.CRW004_findPropertiesForSaleFunctionality" time="8.300" errors="0" timestamp="2022-04-03T17:57:16 EDT" skipped="0">
  <testcase classname="test.CRW004_findPropertiesForSaleFunctionality" name="CRW004_testSearchFunctionality" time="8.300"/>
  <system-out/>
</testsuite> <!-- test.CRW004_findPropertiesForSaleFunctionality -->
